I0202 02:11:40.456983 3820096 utils.py:40] -------- args -----------
I0202 02:11:40.457072 3820096 utils.py:42] wandb: False
I0202 02:11:40.457093 3820096 utils.py:42] dataset: CIFAR100
I0202 02:11:40.457110 3820096 utils.py:42] datadir: datasets
I0202 02:11:40.457125 3820096 utils.py:42] data_split_file: data_split/CIFAR100_split.pkl
I0202 02:11:40.457141 3820096 utils.py:42] malicious_client_num: 0
I0202 02:11:40.457156 3820096 utils.py:42] algorithm: adam
I0202 02:11:40.457170 3820096 utils.py:42] seed: 2571
I0202 02:11:40.457188 3820096 utils.py:42] k_loss_flow: 0.1
I0202 02:11:40.457203 3820096 utils.py:42] k_kd_global_cls: 0
I0202 02:11:40.457217 3820096 utils.py:42] k_kd_last_cls: 0.2
I0202 02:11:40.457233 3820096 utils.py:42] k_kd_feature: 0.5
I0202 02:11:40.457248 3820096 utils.py:42] k_kd_output: 0.1
I0202 02:11:40.457262 3820096 utils.py:42] k_flow_lastflow: 0.4
I0202 02:11:40.457276 3820096 utils.py:42] flow_epoch: 5
I0202 02:11:40.457291 3820096 utils.py:42] flow_explore_theta: 0.2
I0202 02:11:40.457306 3820096 utils.py:42] classifier_global_mode: all
I0202 02:11:40.457321 3820096 utils.py:42] flow_lr: 0.0001
I0202 02:11:40.457335 3820096 utils.py:42] fedprox_k: 0
I0202 02:11:40.457350 3820096 utils.py:42] use_lastflow_x: False
I0202 02:11:40.457365 3820096 utils.py:42] lr: 0.0001
I0202 02:11:40.457379 3820096 utils.py:42] beta1: 0.9
I0202 02:11:40.457393 3820096 utils.py:42] beta2: 0.999
I0202 02:11:40.457408 3820096 utils.py:42] weight_decay: 0
I0202 02:11:40.457422 3820096 utils.py:42] num_glob_iters: 500
I0202 02:11:40.457437 3820096 utils.py:42] local_epochs: 100
I0202 02:11:40.457451 3820096 utils.py:42] train: 1
I0202 02:11:40.457465 3820096 utils.py:42] batch_size: 64
I0202 02:11:40.457479 3820096 utils.py:42] beta: 1.0
I0202 02:11:40.457493 3820096 utils.py:42] device: cuda
I0202 02:11:40.457508 3820096 utils.py:42] c_channel_size: 64
I0202 02:11:40.457522 3820096 utils.py:42] model: cnn
I0202 02:11:40.457536 3820096 utils.py:42] target_dir_name: output
I0202 02:11:40.457551 3820096 utils.py:42] debug: False
I0202 02:11:40.457565 3820096 utils.py:42] ssh: False
I0202 02:11:40.457580 3820096 utils.py:42] log_pth: output/run.log
I0202 02:11:40.457594 3820096 utils.py:43] -------------------------
I0202 02:11:40.457835 3820096 main.py:23] random seed is: 2571
I0202 02:11:40.457868 3820096 main.py:24] 

         [ Start training iteration, seed: 2571 ]           


I0202 02:11:40.597317 3820096 model.py:106] Classifier model has 11.833 M parameters; Flow model has 0.000 M parameters
I0202 02:12:03.646111 3820096 serverPreciseFCL.py:67] Number of Train/Test samples: 6400/1600
I0202 02:12:03.646251 3820096 serverPreciseFCL.py:68] Data from 8 users in total.
I0202 02:12:03.646274 3820096 serverPreciseFCL.py:69] Finished creating FedAvg server.
I0202 02:12:03.687542 3820096 serverPreciseFCL.py:25] Using device: cuda
50
I0202 02:12:03.890565 3820096 serverPreciseFCL.py:144] 

------------- Round number: 0 | Current task: 0 -------------


I0202 02:12:03.890665 3820096 serverbase.py:168] All users are selected
63 64
121 128
182 192
59 64
116 128
164 192
62 64
114 128
159 192
63 64
117 128
174 192
63 64
126 128
190 192
58 64
109 128
153 192
62 64
123 128
182 192
59 64
122 128
183 192
I0202 02:12:31.446779 3820096 serverPreciseFCL.py:144] 

------------- Round number: 1 | Current task: 0 -------------


I0202 02:12:31.446873 3820096 serverbase.py:168] All users are selected
63 64
123 128
183 192
59 64
113 128
164 192
61 64
114 128
157 192
61 64
117 128
176 192
63 64
127 128
191 192
59 64
109 128
143 192
61 64
121 128
184 192
49 64
104 128
168 192
I0202 02:12:58.526900 3820096 serverPreciseFCL.py:144] 

------------- Round number: 2 | Current task: 0 -------------


I0202 02:12:58.526995 3820096 serverbase.py:168] All users are selected
63 64
123 128
183 192
59 64
116 128
171 192
63 64
123 128
173 192
59 64
114 128
171 192
64 64
127 128
190 192
49 64
97 128
149 192
59 64
118 128
180 192
61 64
124 128
181 192
I0202 02:13:25.771233 3820096 serverPreciseFCL.py:144] 

------------- Round number: 3 | Current task: 0 -------------


I0202 02:13:25.771331 3820096 serverbase.py:168] All users are selected
59 64
119 128
182 192
